{
  "stats": {
    "suites": 1,
    "tests": 1,
    "passes": 1,
    "pending": 0,
    "failures": 0,
    "start": "2024-08-05T08:30:21.669Z",
    "end": "2024-08-05T08:30:27.177Z",
    "duration": 5508,
    "testsRegistered": 1,
    "passPercent": 100,
    "pendingPercent": 0,
    "other": 0,
    "hasOther": false,
    "skipped": 0,
    "hasSkipped": false
  },
  "results": [
    {
      "uuid": "080f58c3-269d-4c98-baff-93718c3e1d8c",
      "title": "",
      "fullFile": "cypress/e2e/Functional/wigwam.cy.js",
      "file": "cypress/e2e/Functional/wigwam.cy.js",
      "beforeHooks": [],
      "afterHooks": [],
      "tests": [],
      "suites": [
        {
          "uuid": "e7dc6844-594d-490e-b814-d5eeb760ceec",
          "title": "Wigwam",
          "fullFile": "",
          "file": "",
          "beforeHooks": [],
          "afterHooks": [],
          "tests": [
            {
              "title": "Вхід в Читозаврика",
              "fullTitle": "Wigwam Вхід в Читозаврика",
              "timedOut": null,
              "duration": 5368,
              "state": "passed",
              "speed": "medium",
              "pass": true,
              "fail": false,
              "pending": false,
              "context": null,
              "code": "cy.visit('/');\n// cy.injectAxe();\n// cy.checkA11y();\ncy.get('.styles_cookies__B0VbB > .Button_button__aem_D').click();\n//modal_log_in/registration\ncy.get('.Header_buttonIn__UbNpa').click();\ncy.get('.Header_buttonIn__UbNpa').should('be.visible');\ncy.url().should('include', 'signin');\ncy.get('[type=\"email\"]').clear().type('addchild@gmail.com');\ncy.get('[type=\"password\"]').clear().type('Addchild!1');\ncy.get('[type=\"submit\"]').click();\ncy.get('.Header_button__gdEXY').click();\n//parents page\ncy.url().should('include', 'parents');\ncy.get('.Parents_section__2evno').should('be.visible');\ncy.get('.KidList_list__N4Reb > :nth-child(1)').should('be.visible');\n//wigwam page         \ncy.get(':nth-child(1) > .KidProfile_link__VVBbt > .KidProfile_thumb__mCkOv > .KidProfile_image__8xara').click();\ncy.url().should('include', 'wigwam');\ncy.get('.WigwamReadBooks_wraper__scgin').should('be.visible');\n//  cy.get('.WigwamReadBooks_wraper__scgin').should('have.text','Прочитано')\ncy.get('.WigwamMyMonsters_title__yrVTJ').should('be.visible');\n//  cy.get('.WigwamMyMonsters_title__yrVTJ').should('have.text','Мої Читозаври')\ncy.get('.RecomendedBooks_rec_title__B72d_').should('be.visible');\n//  cy.get('.RecomendedBooks_rec_title__B72d_').should('have.text','Рекомендовані')",
              "err": {},
              "uuid": "431b8773-e71a-4bed-9536-2e0d084c0ba0",
              "parentUUID": "e7dc6844-594d-490e-b814-d5eeb760ceec",
              "isHook": false,
              "skipped": false
            }
          ],
          "suites": [],
          "passes": [
            "431b8773-e71a-4bed-9536-2e0d084c0ba0"
          ],
          "failures": [],
          "pending": [],
          "skipped": [],
          "duration": 5368,
          "root": false,
          "rootEmpty": false,
          "_timeout": 2000
        }
      ],
      "passes": [],
      "failures": [],
      "pending": [],
      "skipped": [],
      "duration": 0,
      "root": true,
      "rootEmpty": true,
      "_timeout": 2000
    }
  ],
  "meta": {
    "mocha": {
      "version": "7.0.1"
    },
    "mochawesome": {
      "options": {
        "quiet": false,
        "reportFilename": "mochawesome",
        "saveHtml": false,
        "saveJson": true,
        "consoleReporter": "spec",
        "useInlineDiffs": false,
        "code": true
      },
      "version": "7.1.3"
    },
    "marge": {
      "options": {
        "overwrite": false,
        "html": false,
        "json": true,
        "reportDir": "cypress/reports/html/.jsons"
      },
      "version": "6.2.0"
    }
  }
}