{
  "stats": {
    "suites": 1,
    "tests": 1,
    "passes": 1,
    "pending": 0,
    "failures": 0,
    "start": "2024-08-05T08:29:54.509Z",
    "end": "2024-08-05T08:30:03.273Z",
    "duration": 8764,
    "testsRegistered": 1,
    "passPercent": 100,
    "pendingPercent": 0,
    "other": 0,
    "hasOther": false,
    "skipped": 0,
    "hasSkipped": false
  },
  "results": [
    {
      "uuid": "6c4b7e95-6bcb-4572-907a-ec117ff3cbd3",
      "title": "",
      "fullFile": "cypress/e2e/Functional/admin_panel.cy.js",
      "file": "cypress/e2e/Functional/admin_panel.cy.js",
      "beforeHooks": [],
      "afterHooks": [],
      "tests": [],
      "suites": [
        {
          "uuid": "f1981b63-2c8f-4d13-960b-2b0388a98321",
          "title": "Admin panel",
          "fullFile": "",
          "file": "",
          "beforeHooks": [],
          "afterHooks": [],
          "tests": [
            {
              "title": "Admin panel",
              "fullTitle": "Admin panel Admin panel",
              "timedOut": null,
              "duration": 8672,
              "state": "passed",
              "speed": "medium",
              "pass": true,
              "fail": false,
              "pending": false,
              "context": null,
              "code": "//  cy.viewport(1620, 1080)\n// log in\ncy.login_admin();\n//  cy.injectAxe();\n// cy.checkA11y();\ncy.get('a.Button_button__aem_D:nth-child(1)').should('have.text', 'Адміністрування');\n// users page\ncy.get('a.Button_button__aem_D:nth-child(1)').click();\ncy.url().should('include', 'admin');\ncy.get('.Header_header__heading__swEfQ').should('have.text', 'Користувачі');\n// books page\ncy.get('.NavBar_navigation__Cc7wX > :nth-child(2)').click();\ncy.url().should('include', 'admin/books');\ncy.get('.Header_header__heading__swEfQ').should('have.text', 'Книги');\n// quizes page\ncy.get('.lucide-chevron-down').click();\ncy.get('.NavBar_navigation__Cc7wX > :nth-child(3)').click();\ncy.url().should('include', 'admin/quizzes');\ncy.get('.Header_header__heading__swEfQ').should('have.text', 'Вікторини');\n// documentation page\ncy.get('[href=\"/admin/documents\"]').click();\ncy.url().should('include', 'admin/documents');\ncy.get('.Header_header__heading__swEfQ').should('have.text', 'Документи');\n// partners page\ncy.get('[href=\"/admin/partners\"]').click();\ncy.url().should('include', 'admin/partners');\ncy.get('.Header_header__heading__swEfQ').should('have.text', 'Партнери');\n// contacts page\ncy.get('[href=\"/admin/contacts\"]').click();\ncy.url().should('include', 'admin/contacts');\ncy.get('.Header_header__heading__swEfQ').should('have.text', 'Контакти');\n// statistic page\ncy.get('[href=\"/admin/statistics\"]').click();\ncy.url().should('include', 'admin/statistics');\ncy.get('.Header_header__heading__swEfQ').should('have.text', 'Статистика');\n// password page\ncy.get('[href=\"/admin/password\"]').click();\ncy.url().should('include', 'admin/password');\ncy.get('.Header_header__heading__swEfQ').should('have.text', 'Змінити пароль');\n// log out\ncy.get('.SideBar_sidebar__QZaXJ > .Button_button__aem_D').click();\n//  cy.get('.Header_buttonIn__233bB').should('have.text', 'Вхід')",
              "err": {},
              "uuid": "daac0479-02a0-43cb-b944-00a8a610764b",
              "parentUUID": "f1981b63-2c8f-4d13-960b-2b0388a98321",
              "isHook": false,
              "skipped": false
            }
          ],
          "suites": [],
          "passes": [
            "daac0479-02a0-43cb-b944-00a8a610764b"
          ],
          "failures": [],
          "pending": [],
          "skipped": [],
          "duration": 8672,
          "root": false,
          "rootEmpty": false,
          "_timeout": 2000
        }
      ],
      "passes": [],
      "failures": [],
      "pending": [],
      "skipped": [],
      "duration": 0,
      "root": true,
      "rootEmpty": true,
      "_timeout": 2000
    }
  ],
  "meta": {
    "mocha": {
      "version": "7.0.1"
    },
    "mochawesome": {
      "options": {
        "quiet": false,
        "reportFilename": "mochawesome",
        "saveHtml": false,
        "saveJson": true,
        "consoleReporter": "spec",
        "useInlineDiffs": false,
        "code": true
      },
      "version": "7.1.3"
    },
    "marge": {
      "options": {
        "overwrite": false,
        "html": false,
        "json": true,
        "reportDir": "cypress/reports/html/.jsons"
      },
      "version": "6.2.0"
    }
  }
}