{
  "stats": {
    "suites": 1,
    "tests": 1,
    "passes": 1,
    "pending": 0,
    "failures": 0,
    "start": "2024-08-05T08:29:36.500Z",
    "end": "2024-08-05T08:29:43.587Z",
    "duration": 7087,
    "testsRegistered": 1,
    "passPercent": 100,
    "pendingPercent": 0,
    "other": 0,
    "hasOther": false,
    "skipped": 0,
    "hasSkipped": false
  },
  "results": [
    {
      "uuid": "f9dabcd4-0aa3-4b38-af6d-b5f2d571404f",
      "title": "",
      "fullFile": "cypress/e2e/Functional/add_child_false.cy.js",
      "file": "cypress/e2e/Functional/add_child_false.cy.js",
      "beforeHooks": [],
      "afterHooks": [],
      "tests": [],
      "suites": [
        {
          "uuid": "71f6f6fa-4005-4e3d-a1e5-4c52a19740b1",
          "title": "Add child false",
          "fullFile": "",
          "file": "",
          "beforeHooks": [],
          "afterHooks": [],
          "tests": [
            {
              "title": "Add child",
              "fullTitle": "Add child false Add child",
              "timedOut": null,
              "duration": 6979,
              "state": "passed",
              "speed": "medium",
              "pass": true,
              "fail": false,
              "pending": false,
              "context": null,
              "code": "cy.visit('/');\n// cy.injectAxe();\n// cy.checkA11y();\ncy.get('.styles_cookies__B0VbB > .Button_button__aem_D').click();\n// modal_log_in/registration\ncy.get('.Header_buttonIn__UbNpa').click();\ncy.get('.Header_buttonIn__UbNpa').should('be.visible');\ncy.url().should('include', 'signin');\n// cy.get('.AuthLink_link__fp59u Auth_forgot__9oWHO').should('have.text', 'Забули пароль?')\ncy.get('[type=\"email\"]').clear().type('addchild@gmail.com');\ncy.get('[type=\"password\"]').clear().type('Addchild!1');\ncy.get('[type=\"submit\"]').click();\n// cy.wait(1000)\n// log_in\ncy.get('.Header_button__gdEXY').should('be.visible');\n// cy.get('.Header_button__TGutH').should('be.visible')\ncy.get('.Header_button__gdEXY').should('have.text', 'Кабінет');\ncy.get('.Header_button__gdEXY').click();\ncy.wait(500);\n// add child\ncy.get('.KidProfile_item__v0lY6').should('have.length', 6);\ncy.get('.Parents_button__VJzVN').click();\n// cy.wait(5000)\ncy.get('.Notification_container__Vv3TE').should('be.visible');\ncy.get('.Notification_container__Vv3TE').should('have.text', 'Вибачте, ви вже створили максимально дозволену кількість вігвамів');\ncy.get('.lucide').click();",
              "err": {},
              "uuid": "1d4aae87-c23f-4da8-a0ec-cd66b6aaca6e",
              "parentUUID": "71f6f6fa-4005-4e3d-a1e5-4c52a19740b1",
              "isHook": false,
              "skipped": false
            }
          ],
          "suites": [],
          "passes": [
            "1d4aae87-c23f-4da8-a0ec-cd66b6aaca6e"
          ],
          "failures": [],
          "pending": [],
          "skipped": [],
          "duration": 6979,
          "root": false,
          "rootEmpty": false,
          "_timeout": 2000
        }
      ],
      "passes": [],
      "failures": [],
      "pending": [],
      "skipped": [],
      "duration": 0,
      "root": true,
      "rootEmpty": true,
      "_timeout": 2000
    }
  ],
  "meta": {
    "mocha": {
      "version": "7.0.1"
    },
    "mochawesome": {
      "options": {
        "quiet": false,
        "reportFilename": "mochawesome",
        "saveHtml": false,
        "saveJson": true,
        "consoleReporter": "spec",
        "useInlineDiffs": false,
        "code": true
      },
      "version": "7.1.3"
    },
    "marge": {
      "options": {
        "overwrite": false,
        "html": false,
        "json": true,
        "reportDir": "cypress/reports/html/.jsons"
      },
      "version": "6.2.0"
    }
  }
}