{
  "stats": {
    "suites": 1,
    "tests": 1,
    "passes": 1,
    "pending": 0,
    "failures": 0,
    "start": "2024-08-05T08:30:05.313Z",
    "end": "2024-08-05T08:30:12.301Z",
    "duration": 6988,
    "testsRegistered": 1,
    "passPercent": 100,
    "pendingPercent": 0,
    "other": 0,
    "hasOther": false,
    "skipped": 0,
    "hasSkipped": false
  },
  "results": [
    {
      "uuid": "f64c2241-9465-4cd7-ac29-5ecafb657d1d",
      "title": "",
      "fullFile": "cypress/e2e/Functional/login_logout.cy.js",
      "file": "cypress/e2e/Functional/login_logout.cy.js",
      "beforeHooks": [],
      "afterHooks": [],
      "tests": [],
      "suites": [
        {
          "uuid": "807f4631-593d-45bb-a6b4-65cd11d36fc7",
          "title": "Login/logout",
          "fullFile": "",
          "file": "",
          "beforeHooks": [],
          "afterHooks": [],
          "tests": [
            {
              "title": "Login/logout",
              "fullTitle": "Login/logout Login/logout",
              "timedOut": null,
              "duration": 6907,
              "state": "passed",
              "speed": "medium",
              "pass": true,
              "fail": false,
              "pending": false,
              "context": null,
              "code": "// log in admin\ncy.login_admin();\n// cy.injectAxe();\n// cy.checkA11y();\ncy.get('a.Button_button__aem_D:nth-child(1)').should('have.text', 'Адміністрування');\n// log_out admin\ncy.get('.Header_button__gdEXY').click();\ncy.get('.Header_buttonOut__JL8B0').click();\ncy.get('.Header_buttonIn__UbNpa').should('have.text', 'Вхід');",
              "err": {},
              "uuid": "88aa205b-65db-4820-aea4-7c519708f684",
              "parentUUID": "807f4631-593d-45bb-a6b4-65cd11d36fc7",
              "isHook": false,
              "skipped": false
            }
          ],
          "suites": [],
          "passes": [
            "88aa205b-65db-4820-aea4-7c519708f684"
          ],
          "failures": [],
          "pending": [],
          "skipped": [],
          "duration": 6907,
          "root": false,
          "rootEmpty": false,
          "_timeout": 2000
        }
      ],
      "passes": [],
      "failures": [],
      "pending": [],
      "skipped": [],
      "duration": 0,
      "root": true,
      "rootEmpty": true,
      "_timeout": 2000
    }
  ],
  "meta": {
    "mocha": {
      "version": "7.0.1"
    },
    "mochawesome": {
      "options": {
        "quiet": false,
        "reportFilename": "mochawesome",
        "saveHtml": false,
        "saveJson": true,
        "consoleReporter": "spec",
        "useInlineDiffs": false,
        "code": true
      },
      "version": "7.1.3"
    },
    "marge": {
      "options": {
        "overwrite": false,
        "html": false,
        "json": true,
        "reportDir": "cypress/reports/html/.jsons"
      },
      "version": "6.2.0"
    }
  }
}