{
  "stats": {
    "suites": 1,
    "tests": 1,
    "passes": 0,
    "pending": 0,
    "failures": 1,
    "start": "2024-08-05T08:30:14.464Z",
    "end": "2024-08-05T08:30:19.592Z",
    "duration": 5128,
    "testsRegistered": 1,
    "passPercent": 0,
    "pendingPercent": 0,
    "other": 0,
    "hasOther": false,
    "skipped": 0,
    "hasSkipped": false
  },
  "results": [
    {
      "uuid": "8f474b4a-aa4b-447e-8866-ca255a08f077",
      "title": "",
      "fullFile": "cypress/e2e/Functional/registration_logout.cy.js",
      "file": "cypress/e2e/Functional/registration_logout.cy.js",
      "beforeHooks": [],
      "afterHooks": [],
      "tests": [],
      "suites": [
        {
          "uuid": "f365cede-3d16-4119-810e-4f7941ac5e90",
          "title": "Registration",
          "fullFile": "",
          "file": "",
          "beforeHooks": [],
          "afterHooks": [],
          "tests": [
            {
              "title": "Registration",
              "fullTitle": "Registration Registration",
              "timedOut": null,
              "duration": 5062,
              "state": "failed",
              "speed": null,
              "pass": false,
              "fail": true,
              "pending": false,
              "context": null,
              "code": "cy.visit('/');\n// cy.injectAxe();\n// cy.checkA11y();\n// cy.get('.styles_cookies__B0VbB > .Button_button__aem_D').click()\n// cy.get('.Header_buttonIn__UbNpa').click()\n//modal_log_in/registration\ncy.get('.Auth_link__9JNOS').click();\ncy.get('.Auth_dialog__U_lV4').should('be.visible');\ncy.url().should('include', 'signup');\ncy.wait(5);\n//create data\nconst rnd = Math.round(Math.random() * 8999) + 1000;\nconst password1 = '1weQq#we%' + rnd;\nconst username = 'user_' + rnd;\nconst email1 = username + '@gmail.com';\n//data input\ncy.get('.Auth_inputs-group__bNUCL > div:nth-child(1) > label:nth-child(1) > span:nth-child(2) > input:nth-child(1)').clear().type(email1);\ncy.get('[name=\"password\"]').clear().type(password1);\ncy.get('[name=\"password2\"]').clear().type(password1);\ncy.get('.Auth_checkboxes-groups-signup__QkH2_ > div:nth-child(2) > label:nth-child(1) > span:nth-child(1)').click();\n// cy.wait(1000)\n//registration\ncy.get('.Auth_button-submit__R2m5P').click();\n// cy.wait(1000)\ncy.get('.Auth_title__W4I96').should('have.text', 'Ви успішно зареєструвалися');\ncy.get('.Auth_button-submit__R2m5P').click();\ncy.url().should('include', 'parents');",
              "err": {
                "message": "AssertionError: Timed out retrying after 4000ms: Expected to find element: `.Auth_link__9JNOS`, but never found it.",
                "estack": "AssertionError: Timed out retrying after 4000ms: Expected to find element: `.Auth_link__9JNOS`, but never found it.\n    at Context.eval (webpack://cypress1/./cypress/e2e/Functional/registration_logout.cy.js:11:19)",
                "diff": null
              },
              "uuid": "f7d443ec-077b-41b8-a395-f89fbc813b9e",
              "parentUUID": "f365cede-3d16-4119-810e-4f7941ac5e90",
              "isHook": false,
              "skipped": false
            }
          ],
          "suites": [],
          "passes": [],
          "failures": [
            "f7d443ec-077b-41b8-a395-f89fbc813b9e"
          ],
          "pending": [],
          "skipped": [],
          "duration": 5062,
          "root": false,
          "rootEmpty": false,
          "_timeout": 2000
        }
      ],
      "passes": [],
      "failures": [],
      "pending": [],
      "skipped": [],
      "duration": 0,
      "root": true,
      "rootEmpty": true,
      "_timeout": 2000
    }
  ],
  "meta": {
    "mocha": {
      "version": "7.0.1"
    },
    "mochawesome": {
      "options": {
        "quiet": false,
        "reportFilename": "mochawesome",
        "saveHtml": false,
        "saveJson": true,
        "consoleReporter": "spec",
        "useInlineDiffs": false,
        "code": true
      },
      "version": "7.1.3"
    },
    "marge": {
      "options": {
        "overwrite": false,
        "html": false,
        "json": true,
        "reportDir": "cypress/reports/html/.jsons"
      },
      "version": "6.2.0"
    }
  }
}