{
  "stats": {
    "suites": 1,
    "tests": 1,
    "passes": 0,
    "pending": 0,
    "failures": 1,
    "start": "2024-08-05T08:30:35.040Z",
    "end": "2024-08-05T08:30:36.886Z",
    "duration": 1846,
    "testsRegistered": 1,
    "passPercent": 0,
    "pendingPercent": 0,
    "other": 0,
    "hasOther": false,
    "skipped": 0,
    "hasSkipped": false
  },
  "results": [
    {
      "uuid": "5e9b71e8-ce77-43db-92ab-5a9158e3ea60",
      "title": "",
      "fullFile": "cypress/e2e/RegressionUX/Header.cy.js",
      "file": "cypress/e2e/RegressionUX/Header.cy.js",
      "beforeHooks": [],
      "afterHooks": [],
      "tests": [],
      "suites": [
        {
          "uuid": "f6d24b7e-bb98-4762-a089-a68a6b8b4141",
          "title": "Header",
          "fullFile": "",
          "file": "",
          "beforeHooks": [],
          "afterHooks": [],
          "tests": [
            {
              "title": "should be publicly accessible",
              "fullTitle": "Header should be publicly accessible",
              "timedOut": null,
              "duration": 1668,
              "state": "failed",
              "speed": null,
              "pass": false,
              "fail": true,
              "pending": false,
              "context": null,
              "code": "cy.visit('/');\ncy.wait(500);\n// cy.clearAllCookies();\ncy.get('.styles_button__t3hAn').click();\n// cy.wait(2000)\ncy.get('header').should('be.visible');\ncy.get('header').matchImageSnapshot();",
              "err": {
                "message": "TypeError: Converting circular structure to JSON\n    --> starting at object with constructor 'HTMLElement'\n    |     property '__reactFiber$ha8kw6iq4dn' -> object with constructor 'is'\n    --- property 'stateNode' closes the circle",
                "estack": "TypeError: Converting circular structure to JSON\n    --> starting at object with constructor 'HTMLElement'\n    |     property '__reactFiber$ha8kw6iq4dn' -> object with constructor 'is'\n    --- property 'stateNode' closes the circle\n    at JSON.stringify (<anonymous>)\n    at eval (webpack://cypress1/./node_modules/allure-cypress/dist/cjs/index.js:1:15033)\n    at $Cypress.eval (webpack://cypress1/./node_modules/allure-cypress/dist/cjs/index.js:1:15033)",
                "diff": null
              },
              "uuid": "e97f868b-b60f-4f20-a2f0-26c3c998b335",
              "parentUUID": "f6d24b7e-bb98-4762-a089-a68a6b8b4141",
              "isHook": false,
              "skipped": false
            }
          ],
          "suites": [],
          "passes": [],
          "failures": [
            "e97f868b-b60f-4f20-a2f0-26c3c998b335"
          ],
          "pending": [],
          "skipped": [],
          "duration": 1668,
          "root": false,
          "rootEmpty": false,
          "_timeout": 2000
        }
      ],
      "passes": [],
      "failures": [],
      "pending": [],
      "skipped": [],
      "duration": 0,
      "root": true,
      "rootEmpty": true,
      "_timeout": 2000
    }
  ],
  "meta": {
    "mocha": {
      "version": "7.0.1"
    },
    "mochawesome": {
      "options": {
        "quiet": false,
        "reportFilename": "mochawesome",
        "saveHtml": false,
        "saveJson": true,
        "consoleReporter": "spec",
        "useInlineDiffs": false,
        "code": true
      },
      "version": "7.1.3"
    },
    "marge": {
      "options": {
        "overwrite": false,
        "html": false,
        "json": true,
        "reportDir": "cypress/reports/html/.jsons"
      },
      "version": "6.2.0"
    }
  }
}