{
  "stats": {
    "suites": 1,
    "tests": 1,
    "passes": 1,
    "pending": 0,
    "failures": 0,
    "start": "2024-08-05T08:29:45.698Z",
    "end": "2024-08-05T08:29:52.442Z",
    "duration": 6744,
    "testsRegistered": 1,
    "passPercent": 100,
    "pendingPercent": 0,
    "other": 0,
    "hasOther": false,
    "skipped": 0,
    "hasSkipped": false
  },
  "results": [
    {
      "uuid": "946e5a3f-5738-4502-8a7a-6765553803df",
      "title": "",
      "fullFile": "cypress/e2e/Functional/add_delete_child.cy.js",
      "file": "cypress/e2e/Functional/add_delete_child.cy.js",
      "beforeHooks": [],
      "afterHooks": [],
      "tests": [],
      "suites": [
        {
          "uuid": "d531d20c-5e22-4303-aa65-4ea6c24f1502",
          "title": "Add/delete child profile",
          "fullFile": "",
          "file": "",
          "beforeHooks": [],
          "afterHooks": [],
          "tests": [
            {
              "title": "Add/delete child profile",
              "fullTitle": "Add/delete child profile Add/delete child profile",
              "timedOut": null,
              "duration": 6662,
              "state": "passed",
              "speed": "medium",
              "pass": true,
              "fail": false,
              "pending": false,
              "context": null,
              "code": "cy.visit('/');\n// cy.injectAxe();\n// cy.checkA11y();\ncy.get('.styles_cookies__B0VbB > .Button_button__aem_D').click();\n//modal_log_in\ncy.get('.Header_buttonIn__UbNpa').click();\ncy.get('.Header_buttonIn__UbNpa').should('be.visible');\ncy.url().should('include', 'signin');\ncy.get('[type=\"email\"]').clear().type('addchild!@gmail.com');\ncy.get('[type=\"password\"]').clear().type('Addchild!1');\n//log_in        \ncy.get('[type=\"submit\"]').click();\ncy.wait(500);\ncy.get('.Header_button__gdEXY').should('be.visible');\ncy.get('.Header_button__gdEXY').should('have.text', 'Кабінет');\ncy.get('.Header_button__gdEXY').click();\ncy.wait(500);\n//add child\ncy.get('.Parents_button__VJzVN').click();\n// cy.debug()\ncy.get('.CreateWigwam_form__vQwMe').should('be.visible');\n// cy.debug()\n// cy.pause()\n//create data\nconst rnd = Math.round(Math.random() * 8999) + 1000;\nconst namebaby = 'Baby' + rnd;\n//input data\ncy.get('.NameInput_input__0e0tC').clear().type(namebaby);\ncy.get('[for=\"4\"] > .AvatarFields_image__IAVWG').click();\ncy.get('.Buttons_buttonsWrapper__5qKRW > .Button_button--filled__Ghblc').click();\n//delete child\ncy.get('.KidProfile_buttons__tc_jQ > :nth-child(2) > img').click();\ncy.get('.Modal_buttons__m0B3s > .Button_button--filled__Ghblc').click();\ncy.get('.KidList_text__1K6V5').should('have.text', 'У вас поки немає створеного вігваму');\n// cy.pause()\n//exit\n// cy.get('.Header_buttonOut__ruGz9').click() //exit",
              "err": {},
              "uuid": "af46986f-3685-4acc-9337-82d382266c63",
              "parentUUID": "d531d20c-5e22-4303-aa65-4ea6c24f1502",
              "isHook": false,
              "skipped": false
            }
          ],
          "suites": [],
          "passes": [
            "af46986f-3685-4acc-9337-82d382266c63"
          ],
          "failures": [],
          "pending": [],
          "skipped": [],
          "duration": 6662,
          "root": false,
          "rootEmpty": false,
          "_timeout": 2000
        }
      ],
      "passes": [],
      "failures": [],
      "pending": [],
      "skipped": [],
      "duration": 0,
      "root": true,
      "rootEmpty": true,
      "_timeout": 2000
    }
  ],
  "meta": {
    "mocha": {
      "version": "7.0.1"
    },
    "mochawesome": {
      "options": {
        "quiet": false,
        "reportFilename": "mochawesome",
        "saveHtml": false,
        "saveJson": true,
        "consoleReporter": "spec",
        "useInlineDiffs": false,
        "code": true
      },
      "version": "7.1.3"
    },
    "marge": {
      "options": {
        "overwrite": false,
        "html": false,
        "json": true,
        "reportDir": "cypress/reports/html/.jsons"
      },
      "version": "6.2.0"
    }
  }
}