{
  "stats": {
    "suites": 1,
    "tests": 1,
    "passes": 0,
    "pending": 0,
    "failures": 1,
    "start": "2024-08-05T08:30:38.981Z",
    "end": "2024-08-05T08:30:56.165Z",
    "duration": 17184,
    "testsRegistered": 1,
    "passPercent": 0,
    "pendingPercent": 0,
    "other": 0,
    "hasOther": false,
    "skipped": 0,
    "hasSkipped": false
  },
  "results": [
    {
      "uuid": "69bb02d9-5f1f-4075-9c97-3612d5701928",
      "title": "",
      "fullFile": "cypress/e2e/RegressionUX/MainPage.cy.js",
      "file": "cypress/e2e/RegressionUX/MainPage.cy.js",
      "beforeHooks": [],
      "afterHooks": [],
      "tests": [],
      "suites": [
        {
          "uuid": "dac4aad4-3248-490b-ae4f-7b043d6b17ed",
          "title": "Free",
          "fullFile": "",
          "file": "",
          "beforeHooks": [],
          "afterHooks": [],
          "tests": [
            {
              "title": "should be publicly accessible",
              "fullTitle": "Free should be publicly accessible",
              "timedOut": null,
              "duration": 17048,
              "state": "failed",
              "speed": null,
              "pass": false,
              "fail": true,
              "pending": false,
              "context": null,
              "code": "cy.visit('/');\n// cy.clearAllCookies();\ncy.get('.styles_button__t3hAn').click();\ncy.wait(500);\ncy.matchImageSnapshot();",
              "err": {
                "message": "Error: Image size (1000x4328) different than saved snapshot size (1000x4333).\nSee diff for details: /home/user/Documents/QA_Automation_projects/Cypress_projects/Chytozavryk_project_Cypress-1/cypress/snapshots/RegressionUX/MainPage.cy.js/__diff_output__/Free -- should be publicly accessible.diff.png",
                "estack": "Error: Image size (1000x4328) different than saved snapshot size (1000x4333).\nSee diff for details: /home/user/Documents/QA_Automation_projects/Cypress_projects/Chytozavryk_project_Cypress-1/cypress/snapshots/RegressionUX/MainPage.cy.js/__diff_output__/Free -- should be publicly accessible.diff.png\n    at Context.eval (webpack://cypress1/./node_modules/@simonsmith/cypress-image-snapshot/command.js:68:0)",
                "diff": null
              },
              "uuid": "592c1baf-8f5c-4e11-a6d2-ea4951dfc5ab",
              "parentUUID": "dac4aad4-3248-490b-ae4f-7b043d6b17ed",
              "isHook": false,
              "skipped": false
            }
          ],
          "suites": [],
          "passes": [],
          "failures": [
            "592c1baf-8f5c-4e11-a6d2-ea4951dfc5ab"
          ],
          "pending": [],
          "skipped": [],
          "duration": 17048,
          "root": false,
          "rootEmpty": false,
          "_timeout": 2000
        }
      ],
      "passes": [],
      "failures": [],
      "pending": [],
      "skipped": [],
      "duration": 0,
      "root": true,
      "rootEmpty": true,
      "_timeout": 2000
    }
  ],
  "meta": {
    "mocha": {
      "version": "7.0.1"
    },
    "mochawesome": {
      "options": {
        "quiet": false,
        "reportFilename": "mochawesome",
        "saveHtml": false,
        "saveJson": true,
        "consoleReporter": "spec",
        "useInlineDiffs": false,
        "code": true
      },
      "version": "7.1.3"
    },
    "marge": {
      "options": {
        "overwrite": false,
        "html": false,
        "json": true,
        "reportDir": "cypress/reports/html/.jsons"
      },
      "version": "6.2.0"
    }
  }
}