{
  "stats": {
    "suites": 1,
    "tests": 1,
    "passes": 0,
    "pending": 0,
    "failures": 1,
    "start": "2024-08-05T08:30:29.423Z",
    "end": "2024-08-05T08:30:32.846Z",
    "duration": 3423,
    "testsRegistered": 1,
    "passPercent": 0,
    "pendingPercent": 0,
    "other": 0,
    "hasOther": false,
    "skipped": 0,
    "hasSkipped": false
  },
  "results": [
    {
      "uuid": "91a48aa4-6c11-43c5-8ed5-84f444b98eb3",
      "title": "",
      "fullFile": "cypress/e2e/RegressionUX/Footer.cy.js",
      "file": "cypress/e2e/RegressionUX/Footer.cy.js",
      "beforeHooks": [],
      "afterHooks": [],
      "tests": [],
      "suites": [
        {
          "uuid": "69856f1c-842a-434d-8511-3abf3fc4f493",
          "title": "Footer",
          "fullFile": "",
          "file": "",
          "beforeHooks": [],
          "afterHooks": [],
          "tests": [
            {
              "title": "should be publicly accessible",
              "fullTitle": "Footer should be publicly accessible",
              "timedOut": null,
              "duration": 3224,
              "state": "failed",
              "speed": null,
              "pass": false,
              "fail": true,
              "pending": false,
              "context": null,
              "code": "cy.visit('/');\n// cy.clearAllCookies();\ncy.get('.styles_button__t3hAn').click();\ncy.get('.Donate_button__PMzEe').scrollIntoView().should('be.visible');\ncy.wait(2000);\ncy.get('.Donate_button__PMzEe').matchImageSnapshot();",
              "err": {
                "message": "TypeError: Converting circular structure to JSON\n    --> starting at object with constructor 'HTMLButtonElement'\n    |     property '__reactFiber$fc1ms1jyzm5' -> object with constructor 'is'\n    --- property 'stateNode' closes the circle",
                "estack": "TypeError: Converting circular structure to JSON\n    --> starting at object with constructor 'HTMLButtonElement'\n    |     property '__reactFiber$fc1ms1jyzm5' -> object with constructor 'is'\n    --- property 'stateNode' closes the circle\n    at JSON.stringify (<anonymous>)\n    at eval (webpack://cypress1/./node_modules/allure-cypress/dist/cjs/index.js:1:15033)\n    at $Cypress.eval (webpack://cypress1/./node_modules/allure-cypress/dist/cjs/index.js:1:15033)",
                "diff": null
              },
              "uuid": "ffea7b4c-395b-45d1-851b-3bf2834c7ab3",
              "parentUUID": "69856f1c-842a-434d-8511-3abf3fc4f493",
              "isHook": false,
              "skipped": false
            }
          ],
          "suites": [],
          "passes": [],
          "failures": [
            "ffea7b4c-395b-45d1-851b-3bf2834c7ab3"
          ],
          "pending": [],
          "skipped": [],
          "duration": 3224,
          "root": false,
          "rootEmpty": false,
          "_timeout": 2000
        }
      ],
      "passes": [],
      "failures": [],
      "pending": [],
      "skipped": [],
      "duration": 0,
      "root": true,
      "rootEmpty": true,
      "_timeout": 2000
    }
  ],
  "meta": {
    "mocha": {
      "version": "7.0.1"
    },
    "mochawesome": {
      "options": {
        "quiet": false,
        "reportFilename": "mochawesome",
        "saveHtml": false,
        "saveJson": true,
        "consoleReporter": "spec",
        "useInlineDiffs": false,
        "code": true
      },
      "version": "7.1.3"
    },
    "marge": {
      "options": {
        "overwrite": false,
        "html": false,
        "json": true,
        "reportDir": "cypress/reports/html/.jsons"
      },
      "version": "6.2.0"
    }
  }
}