{
  "stats": {
    "suites": 1,
    "tests": 1,
    "passes": 1,
    "pending": 0,
    "failures": 0,
    "start": "2024-08-05T08:31:23.739Z",
    "end": "2024-08-05T08:31:23.989Z",
    "duration": 250,
    "testsRegistered": 1,
    "passPercent": 100,
    "pendingPercent": 0,
    "other": 0,
    "hasOther": false,
    "skipped": 0,
    "hasSkipped": false
  },
  "results": [
    {
      "uuid": "fea0f918-b44c-4d06-8ab0-0662b9b54f82",
      "title": "",
      "fullFile": "cypress/e2e/API/Education/Get Song By Id.cy.js",
      "file": "cypress/e2e/API/Education/Get Song By Id.cy.js",
      "beforeHooks": [],
      "afterHooks": [],
      "tests": [],
      "suites": [
        {
          "uuid": "a6b872a9-c9db-4a56-93ef-7130f4251b9b",
          "title": "Get Song By Id",
          "fullFile": "",
          "file": "",
          "beforeHooks": [],
          "afterHooks": [],
          "tests": [
            {
              "title": "Метод GET повинен повертати відповідь з обов'язковими полями",
              "fullTitle": "Get Song By Id Метод GET повинен повертати відповідь з обов'язковими полями",
              "timedOut": null,
              "duration": 199,
              "state": "passed",
              "speed": "fast",
              "pass": true,
              "fail": false,
              "pending": false,
              "context": null,
              "code": "const songId = 1; // Ваш ID для пошуку\ncy.request({\n  method: 'GET',\n  url: `https://1000and1songs.com/api/v1/education/genre/song/${songId}`\n  // Додайте інші параметри запиту, якщо потрібно\n}).then(response => {\n  expect(response).to.have.property('status', 200);\n  expect(response.body).to.not.be.null;\n  const expectedKeys = [\"id\", \"genres\", \"title\", \"stereo_audio\", \"song_text\", \"song_description\", \"location\", \"ethnographic_district\", \"collectors\", \"performers\", \"video_url\", \"comment_map\", \"map_photo\", \"photos\"];\n  // Перевірка наявності кожного ключа\n  expectedKeys.forEach(key => {\n    expect(response.body).to.have.property(key);\n  });\n});",
              "err": {},
              "uuid": "1b95d484-8a14-44a3-b397-fba247d923c4",
              "parentUUID": "a6b872a9-c9db-4a56-93ef-7130f4251b9b",
              "isHook": false,
              "skipped": false
            }
          ],
          "suites": [],
          "passes": [
            "1b95d484-8a14-44a3-b397-fba247d923c4"
          ],
          "failures": [],
          "pending": [],
          "skipped": [],
          "duration": 199,
          "root": false,
          "rootEmpty": false,
          "_timeout": 2000
        }
      ],
      "passes": [],
      "failures": [],
      "pending": [],
      "skipped": [],
      "duration": 0,
      "root": true,
      "rootEmpty": true,
      "_timeout": 2000
    }
  ],
  "meta": {
    "mocha": {
      "version": "7.0.1"
    },
    "mochawesome": {
      "options": {
        "quiet": false,
        "reportFilename": "mochawesome",
        "saveHtml": false,
        "saveJson": true,
        "consoleReporter": "spec",
        "useInlineDiffs": false,
        "code": true
      },
      "version": "7.1.3"
    },
    "marge": {
      "options": {
        "overwrite": false,
        "html": false,
        "json": true,
        "reportDir": "cypress/reports/html/.jsons"
      },
      "version": "6.2.0"
    }
  }
}