{
  "stats": {
    "suites": 1,
    "tests": 1,
    "passes": 0,
    "pending": 0,
    "failures": 1,
    "start": "2024-08-05T08:30:58.406Z",
    "end": "2024-08-05T08:31:13.362Z",
    "duration": 14956,
    "testsRegistered": 1,
    "passPercent": 0,
    "pendingPercent": 0,
    "other": 0,
    "hasOther": false,
    "skipped": 0,
    "hasSkipped": false
  },
  "results": [
    {
      "uuid": "78f18c41-4087-41ae-b940-f0750e2ffce3",
      "title": "",
      "fullFile": "cypress/e2e/RegressionUX/Test.cy.js",
      "file": "cypress/e2e/RegressionUX/Test.cy.js",
      "beforeHooks": [],
      "afterHooks": [],
      "tests": [],
      "suites": [
        {
          "uuid": "505c99b2-0809-43b9-987b-3c59390dcb7b",
          "title": "Footer",
          "fullFile": "",
          "file": "",
          "beforeHooks": [],
          "afterHooks": [],
          "tests": [
            {
              "title": "should be publicly accessible",
              "fullTitle": "Footer should be publicly accessible",
              "timedOut": null,
              "duration": 12518,
              "state": "failed",
              "speed": null,
              "pass": false,
              "fail": true,
              "pending": false,
              "context": null,
              "code": "cy.visit('https://docs.cypress.io/guides/overview/why-cypress');\ncy.wait(500);\n// cy.pause()\n// cy.clearAllCookies();\ncy.matchImageSnapshot({\n  blackout: ['.origin-top viewport']\n});",
              "err": {
                "message": "Error: Image was 0.07678571428571428% different from saved snapshot with 5934 different pixels.\nSee diff for details: /home/user/Documents/QA_Automation_projects/Cypress_projects/Chytozavryk_project_Cypress-1/cypress/snapshots/RegressionUX/Test.cy.js/__diff_output__/Footer -- should be publicly accessible.diff.png",
                "estack": "Error: Image was 0.07678571428571428% different from saved snapshot with 5934 different pixels.\nSee diff for details: /home/user/Documents/QA_Automation_projects/Cypress_projects/Chytozavryk_project_Cypress-1/cypress/snapshots/RegressionUX/Test.cy.js/__diff_output__/Footer -- should be publicly accessible.diff.png\n    at Context.eval (webpack://cypress1/./node_modules/@simonsmith/cypress-image-snapshot/command.js:68:0)",
                "diff": null
              },
              "uuid": "fc366c2a-ffc3-4408-88a2-f331861586fe",
              "parentUUID": "505c99b2-0809-43b9-987b-3c59390dcb7b",
              "isHook": false,
              "skipped": false
            }
          ],
          "suites": [],
          "passes": [],
          "failures": [
            "fc366c2a-ffc3-4408-88a2-f331861586fe"
          ],
          "pending": [],
          "skipped": [],
          "duration": 12518,
          "root": false,
          "rootEmpty": false,
          "_timeout": 2000
        }
      ],
      "passes": [],
      "failures": [],
      "pending": [],
      "skipped": [],
      "duration": 0,
      "root": true,
      "rootEmpty": true,
      "_timeout": 2000
    }
  ],
  "meta": {
    "mocha": {
      "version": "7.0.1"
    },
    "mochawesome": {
      "options": {
        "quiet": false,
        "reportFilename": "mochawesome",
        "saveHtml": false,
        "saveJson": true,
        "consoleReporter": "spec",
        "useInlineDiffs": false,
        "code": true
      },
      "version": "7.1.3"
    },
    "marge": {
      "options": {
        "overwrite": false,
        "html": false,
        "json": true,
        "reportDir": "cypress/reports/html/.jsons"
      },
      "version": "6.2.0"
    }
  }
}