{
  "stats": {
    "suites": 1,
    "tests": 1,
    "passes": 1,
    "pending": 0,
    "failures": 0,
    "start": "2024-08-05T08:31:20.952Z",
    "end": "2024-08-05T08:31:21.155Z",
    "duration": 203,
    "testsRegistered": 1,
    "passPercent": 100,
    "pendingPercent": 0,
    "other": 0,
    "hasOther": false,
    "skipped": 0,
    "hasSkipped": false
  },
  "results": [
    {
      "uuid": "1f6fd50f-7bf6-4178-ae5b-519b57dcc906",
      "title": "",
      "fullFile": "cypress/e2e/API/Education/Get Genre Info.cy.js",
      "file": "cypress/e2e/API/Education/Get Genre Info.cy.js",
      "beforeHooks": [],
      "afterHooks": [],
      "tests": [],
      "suites": [
        {
          "uuid": "27b2562e-4981-4644-a9c5-18a40b537f22",
          "title": "Get Category",
          "fullFile": "",
          "file": "",
          "beforeHooks": [],
          "afterHooks": [],
          "tests": [
            {
              "title": "Метод GET повинен повертати відповідь з обов'язковими полями",
              "fullTitle": "Get Category Метод GET повинен повертати відповідь з обов'язковими полями",
              "timedOut": null,
              "duration": 167,
              "state": "passed",
              "speed": "fast",
              "pass": true,
              "fail": false,
              "pending": false,
              "context": null,
              "code": "const songId = 12; // Ваш ID для пошуку\ncy.request({\n  method: 'GET',\n  url: `https://1000and1songs.com/api/v1/education/genre/${songId}`\n  // Додайте інші параметри запиту, якщо потрібно\n}).then(response => {\n  expect(response).to.have.property('status', 200);\n  expect(response.body).to.not.be.null;\n  const expectedKeys = ['id', 'title', 'media', 'description'];\n  // Перевірка наявності кожного ключа\n  expectedKeys.forEach(key => {\n    expect(response.body).to.have.property(key);\n  });\n});",
              "err": {},
              "uuid": "8d6e0697-0a21-46e0-a2ae-1230dc197c2a",
              "parentUUID": "27b2562e-4981-4644-a9c5-18a40b537f22",
              "isHook": false,
              "skipped": false
            }
          ],
          "suites": [],
          "passes": [
            "8d6e0697-0a21-46e0-a2ae-1230dc197c2a"
          ],
          "failures": [],
          "pending": [],
          "skipped": [],
          "duration": 167,
          "root": false,
          "rootEmpty": false,
          "_timeout": 2000
        }
      ],
      "passes": [],
      "failures": [],
      "pending": [],
      "skipped": [],
      "duration": 0,
      "root": true,
      "rootEmpty": true,
      "_timeout": 2000
    }
  ],
  "meta": {
    "mocha": {
      "version": "7.0.1"
    },
    "mochawesome": {
      "options": {
        "quiet": false,
        "reportFilename": "mochawesome",
        "saveHtml": false,
        "saveJson": true,
        "consoleReporter": "spec",
        "useInlineDiffs": false,
        "code": true
      },
      "version": "7.1.3"
    },
    "marge": {
      "options": {
        "overwrite": false,
        "html": false,
        "json": true,
        "reportDir": "cypress/reports/html/.jsons"
      },
      "version": "6.2.0"
    }
  }
}